<?xml version="1.0" encoding="UTF-8"?>
<!-- Generated by org.testng.reporters.JUnitReportReporter -->
<testsuite skipped="0" hostname="INB-W0190" name="com.startdate.project.DestinationRemoveTest" tests="1" failures="0" timestamp="27 Jul 2017 07:35:50 GMT" time="12.573" errors="0">
  <testcase name="Destination" time="12.573" classname="com.startdate.project.DestinationRemoveTest"/>
</testsuite> <!-- com.startdate.project.DestinationRemoveTest -->
