<?xml version="1.0" encoding="UTF-8"?>
<!-- Generated by org.testng.reporters.JUnitReportReporter -->
<testsuite skipped="0" hostname="INB-W0190" name="com.startdate.project.DestinationSearchTest" tests="1" failures="0" timestamp="27 Jul 2017 09:10:04 GMT" time="23.582" errors="0">
  <testcase name="DestinationS" time="23.582" classname="com.startdate.project.DestinationSearchTest"/>
</testsuite> <!-- com.startdate.project.DestinationSearchTest -->
