<?xml version="1.0" encoding="UTF-8"?>
<!-- Generated by org.testng.reporters.JUnitReportReporter -->
<testsuite skipped="0" hostname="INB-W0190" name="com.startdate.project.DestinationCourseTest" tests="1" failures="0" timestamp="07 Aug 2017 12:59:13 GMT" time="29.868" errors="0">
  <testcase name="Destination" time="29.868" classname="com.startdate.project.DestinationCourseTest"/>
</testsuite> <!-- com.startdate.project.DestinationCourseTest -->
