<?xml version="1.0" encoding="UTF-8"?>
<!-- Generated by org.testng.reporters.JUnitReportReporter -->
<testsuite skipped="0" hostname="INB-W0190" name="com.startdate.project.ValidLoginTest" tests="1" failures="0" timestamp="19 Jul 2017 09:39:50 GMT" time="12.650" errors="0">
  <testcase name="testValidLogin" time="12.650" classname="com.startdate.project.ValidLoginTest"/>
</testsuite> <!-- com.startdate.project.ValidLoginTest -->
